mode: set
omsu_mirror/cmd/loadtest/main.go:11.13,26.35 11 0
omsu_mirror/cmd/loadtest/main.go:26.35,28.13 2 0
omsu_mirror/cmd/loadtest/main.go:28.13,30.37 2 0
omsu_mirror/cmd/loadtest/main.go:30.37,38.55 6 0
omsu_mirror/cmd/loadtest/main.go:38.55,41.6 2 0
omsu_mirror/cmd/loadtest/main.go:41.11,43.21 2 0
omsu_mirror/cmd/loadtest/main.go:43.21,45.7 1 0
omsu_mirror/cmd/loadtest/main.go:51.2,63.84 11 0
omsu_mirror/docs/docs.go:651.13,653.2 1 0
omsu_mirror/cmd/server/main.go:25.13,30.54 2 0
omsu_mirror/cmd/server/main.go:30.54,32.3 1 0
omsu_mirror/cmd/server/main.go:35.2,40.16 4 0
omsu_mirror/cmd/server/main.go:40.16,42.3 1 0
omsu_mirror/cmd/server/main.go:43.2,70.12 13 0
omsu_mirror/cmd/server/main.go:70.12,71.40 1 0
omsu_mirror/cmd/server/main.go:71.40,73.4 1 0
omsu_mirror/cmd/server/main.go:77.2,88.42 7 0
omsu_mirror/cmd/server/main.go:88.42,90.3 1 0
omsu_mirror/cmd/server/main.go:92.2,92.33 1 0
omsu_mirror/cmd/server/main.go:95.38,97.16 2 0
omsu_mirror/cmd/server/main.go:97.16,99.3 1 0
omsu_mirror/cmd/server/main.go:100.2,102.32 2 0
omsu_mirror/cmd/server/main.go:102.32,104.3 1 0
omsu_mirror/internal/config/config.go:54.21,56.40 2 1
omsu_mirror/internal/config/config.go:56.40,58.3 1 0
omsu_mirror/internal/config/config.go:59.2,59.13 1 1
omsu_mirror/internal/cache/memory.go:24.36,26.2 1 0
omsu_mirror/internal/cache/memory.go:28.52,30.53 1 0
omsu_mirror/internal/cache/memory.go:30.53,33.3 1 0
omsu_mirror/internal/cache/memory.go:35.2,40.13 4 0
omsu_mirror/internal/cache/memory.go:40.13,42.3 1 0
omsu_mirror/internal/cache/memory.go:42.8,44.3 1 0
omsu_mirror/internal/cache/memory.go:47.54,49.8 2 0
omsu_mirror/internal/cache/memory.go:49.8,51.39 2 0
omsu_mirror/internal/cache/memory.go:51.39,55.4 3 0
omsu_mirror/internal/cache/memory.go:56.3,57.25 2 0
omsu_mirror/internal/cache/memory.go:59.2,60.19 2 0
omsu_mirror/internal/cache/memory.go:63.56,67.2 3 0
omsu_mirror/internal/cache/memory.go:69.58,71.8 2 0
omsu_mirror/internal/cache/memory.go:71.8,73.39 2 0
omsu_mirror/internal/cache/memory.go:73.39,76.4 2 0
omsu_mirror/internal/cache/memory.go:77.3,77.25 1 0
omsu_mirror/internal/cache/memory.go:79.2,79.19 1 0
omsu_mirror/internal/cache/memory.go:82.46,83.52 1 0
omsu_mirror/internal/cache/memory.go:83.52,85.3 1 0
omsu_mirror/internal/cache/memory.go:86.2,86.24 1 0
omsu_mirror/internal/cache/memory.go:90.31,91.49 1 0
omsu_mirror/internal/cache/memory.go:91.49,94.3 2 0
omsu_mirror/internal/cache/memory.go:95.2,95.53 1 0
omsu_mirror/internal/cache/memory.go:95.53,98.3 2 0
omsu_mirror/internal/cache/memory.go:99.2,99.36 1 0
omsu_mirror/internal/cache/memory.go:108.42,114.2 1 0
omsu_mirror/internal/cache/search.go:35.36,37.2 1 1
omsu_mirror/internal/cache/search.go:39.33,46.2 6 1
omsu_mirror/internal/cache/search.go:48.107,52.27 2 1
omsu_mirror/internal/cache/search.go:52.27,54.27 2 1
omsu_mirror/internal/cache/search.go:54.27,56.4 1 0
omsu_mirror/internal/cache/search.go:57.3,57.46 1 1
omsu_mirror/internal/cache/search.go:61.2,61.27 1 1
omsu_mirror/internal/cache/search.go:61.27,64.3 2 1
omsu_mirror/internal/cache/search.go:67.2,67.31 1 1
omsu_mirror/internal/cache/search.go:67.31,70.3 2 1
omsu_mirror/internal/cache/search.go:72.2,74.17 3 1
omsu_mirror/internal/cache/search.go:77.74,79.24 2 1
omsu_mirror/internal/cache/search.go:79.24,80.37 1 1
omsu_mirror/internal/cache/search.go:80.37,82.4 1 1
omsu_mirror/internal/cache/search.go:83.3,85.29 2 1
omsu_mirror/internal/cache/search.go:85.29,87.4 1 1
omsu_mirror/internal/cache/search.go:91.91,93.28 2 1
omsu_mirror/internal/cache/search.go:93.28,95.3 1 1
omsu_mirror/internal/cache/search.go:97.2,101.26 4 1
omsu_mirror/internal/cache/search.go:101.26,102.39 1 1
omsu_mirror/internal/cache/search.go:102.39,104.4 1 1
omsu_mirror/internal/cache/search.go:104.9,106.4 1 1
omsu_mirror/internal/cache/search.go:109.2,112.35 3 1
omsu_mirror/internal/cache/search.go:112.35,113.60 1 1
omsu_mirror/internal/cache/search.go:113.60,114.12 1 1
omsu_mirror/internal/cache/search.go:117.3,118.16 2 1
omsu_mirror/internal/cache/search.go:118.16,119.12 1 0
omsu_mirror/internal/cache/search.go:122.3,125.28 3 1
omsu_mirror/internal/cache/search.go:125.28,126.9 1 1
omsu_mirror/internal/cache/search.go:130.2,130.16 1 1
omsu_mirror/internal/upstream/client.go:22.44,33.2 1 0
omsu_mirror/internal/upstream/client.go:35.87,36.9 1 0
omsu_mirror/internal/upstream/client.go:37.20,38.19 1 0
omsu_mirror/internal/upstream/client.go:39.21,39.21 0 0
omsu_mirror/internal/upstream/client.go:42.2,53.34 10 0
omsu_mirror/internal/upstream/client.go:53.34,54.77 1 0
omsu_mirror/internal/upstream/client.go:54.77,57.12 3 0
omsu_mirror/internal/upstream/client.go:60.3,60.41 1 0
omsu_mirror/internal/upstream/client.go:60.41,64.12 4 0
omsu_mirror/internal/upstream/client.go:67.3,67.8 1 0
omsu_mirror/internal/upstream/client.go:70.2,70.16 1 0
omsu_mirror/internal/upstream/client.go:70.16,72.3 1 0
omsu_mirror/internal/upstream/client.go:74.2,76.55 3 0
omsu_mirror/internal/upstream/client.go:76.55,79.3 2 0
omsu_mirror/internal/upstream/client.go:81.2,81.22 1 0
omsu_mirror/internal/upstream/client.go:81.22,83.3 1 0
omsu_mirror/internal/upstream/client.go:85.2,85.61 1 0
omsu_mirror/internal/upstream/client.go:85.61,88.3 2 0
omsu_mirror/internal/upstream/client.go:90.2,90.12 1 0
omsu_mirror/internal/upstream/client.go:93.75,96.55 3 0
omsu_mirror/internal/upstream/client.go:96.55,98.3 1 0
omsu_mirror/internal/upstream/client.go:99.2,99.20 1 0
omsu_mirror/internal/upstream/client.go:102.82,105.53 3 0
omsu_mirror/internal/upstream/client.go:105.53,107.3 1 0
omsu_mirror/internal/upstream/client.go:108.2,108.18 1 0
omsu_mirror/internal/upstream/client.go:111.75,114.55 3 0
omsu_mirror/internal/upstream/client.go:114.55,116.3 1 0
omsu_mirror/internal/upstream/client.go:117.2,117.20 1 0
omsu_mirror/internal/upstream/client.go:120.97,123.57 3 0
omsu_mirror/internal/upstream/client.go:123.57,125.3 1 0
omsu_mirror/internal/upstream/client.go:126.2,126.22 1 0
omsu_mirror/internal/upstream/client.go:129.93,132.57 3 0
omsu_mirror/internal/upstream/client.go:132.57,134.3 1 0
omsu_mirror/internal/upstream/client.go:135.2,135.22 1 0
omsu_mirror/internal/upstream/client.go:138.99,141.57 3 0
omsu_mirror/internal/upstream/client.go:141.57,143.3 1 0
omsu_mirror/internal/upstream/client.go:144.2,144.22 1 0
omsu_mirror/internal/storage/dict_repo.go:13.40,15.2 1 1
omsu_mirror/internal/storage/dict_repo.go:17.83,19.16 2 1
omsu_mirror/internal/storage/dict_repo.go:19.16,21.3 1 0
omsu_mirror/internal/storage/dict_repo.go:22.2,32.16 3 1
omsu_mirror/internal/storage/dict_repo.go:32.16,34.3 1 0
omsu_mirror/internal/storage/dict_repo.go:35.2,37.27 2 1
omsu_mirror/internal/storage/dict_repo.go:37.27,38.79 1 1
omsu_mirror/internal/storage/dict_repo.go:38.79,40.4 1 0
omsu_mirror/internal/storage/dict_repo.go:43.2,43.20 1 1
omsu_mirror/internal/storage/dict_repo.go:46.78,48.16 2 1
omsu_mirror/internal/storage/dict_repo.go:48.16,50.3 1 0
omsu_mirror/internal/storage/dict_repo.go:51.2,54.18 3 1
omsu_mirror/internal/storage/dict_repo.go:54.18,56.67 2 1
omsu_mirror/internal/storage/dict_repo.go:56.67,58.4 1 0
omsu_mirror/internal/storage/dict_repo.go:59.3,59.29 1 1
omsu_mirror/internal/storage/dict_repo.go:61.2,61.20 1 1
omsu_mirror/internal/storage/dict_repo.go:64.88,66.16 2 1
omsu_mirror/internal/storage/dict_repo.go:66.16,68.3 1 0
omsu_mirror/internal/storage/dict_repo.go:69.2,79.16 3 1
omsu_mirror/internal/storage/dict_repo.go:79.16,81.3 1 0
omsu_mirror/internal/storage/dict_repo.go:82.2,84.25 2 1
omsu_mirror/internal/storage/dict_repo.go:84.25,85.76 1 1
omsu_mirror/internal/storage/dict_repo.go:85.76,87.4 1 0
omsu_mirror/internal/storage/dict_repo.go:90.2,90.20 1 1
omsu_mirror/internal/storage/dict_repo.go:93.85,95.16 2 0
omsu_mirror/internal/storage/dict_repo.go:95.16,97.3 1 0
omsu_mirror/internal/storage/dict_repo.go:98.2,101.18 3 0
omsu_mirror/internal/storage/dict_repo.go:101.18,103.64 2 0
omsu_mirror/internal/storage/dict_repo.go:103.64,105.4 1 0
omsu_mirror/internal/storage/dict_repo.go:106.3,106.25 1 0
omsu_mirror/internal/storage/dict_repo.go:108.2,108.18 1 0
omsu_mirror/internal/storage/dict_repo.go:111.83,113.16 2 1
omsu_mirror/internal/storage/dict_repo.go:113.16,115.3 1 0
omsu_mirror/internal/storage/dict_repo.go:116.2,125.16 3 1
omsu_mirror/internal/storage/dict_repo.go:125.16,127.3 1 0
omsu_mirror/internal/storage/dict_repo.go:128.2,130.27 2 1
omsu_mirror/internal/storage/dict_repo.go:130.27,131.64 1 1
omsu_mirror/internal/storage/dict_repo.go:131.64,133.4 1 0
omsu_mirror/internal/storage/dict_repo.go:136.2,136.20 1 1
omsu_mirror/internal/storage/dict_repo.go:139.78,141.16 2 0
omsu_mirror/internal/storage/dict_repo.go:141.16,143.3 1 0
omsu_mirror/internal/storage/dict_repo.go:144.2,147.18 3 0
omsu_mirror/internal/storage/dict_repo.go:147.18,149.51 2 0
omsu_mirror/internal/storage/dict_repo.go:149.51,151.4 1 0
omsu_mirror/internal/storage/dict_repo.go:152.3,152.29 1 0
omsu_mirror/internal/storage/dict_repo.go:154.2,154.20 1 0
omsu_mirror/internal/storage/dict_repo.go:157.85,161.26 3 1
omsu_mirror/internal/storage/dict_repo.go:161.26,163.3 1 1
omsu_mirror/internal/storage/dict_repo.go:164.2,164.16 1 1
omsu_mirror/internal/storage/dict_repo.go:164.16,166.3 1 0
omsu_mirror/internal/storage/dict_repo.go:167.2,167.16 1 1
omsu_mirror/internal/storage/dict_repo.go:170.91,174.26 3 1
omsu_mirror/internal/storage/dict_repo.go:174.26,176.3 1 0
omsu_mirror/internal/storage/dict_repo.go:177.2,177.16 1 1
omsu_mirror/internal/storage/dict_repo.go:177.16,179.3 1 0
omsu_mirror/internal/storage/dict_repo.go:180.2,180.16 1 1
omsu_mirror/internal/storage/dict_repo.go:183.85,187.26 3 1
omsu_mirror/internal/storage/dict_repo.go:187.26,189.3 1 0
omsu_mirror/internal/storage/dict_repo.go:190.2,190.16 1 1
omsu_mirror/internal/storage/dict_repo.go:190.16,192.3 1 0
omsu_mirror/internal/storage/dict_repo.go:193.2,193.16 1 1
omsu_mirror/internal/storage/incident_repo.go:20.48,22.2 1 0
omsu_mirror/internal/storage/incident_repo.go:24.101,30.2 2 0
omsu_mirror/internal/storage/incident_repo.go:32.97,33.31 1 0
omsu_mirror/internal/storage/incident_repo.go:33.31,35.3 1 0
omsu_mirror/internal/storage/incident_repo.go:36.2,36.16 1 0
omsu_mirror/internal/storage/incident_repo.go:36.16,38.3 1 0
omsu_mirror/internal/storage/incident_repo.go:40.2,46.16 2 0
omsu_mirror/internal/storage/incident_repo.go:46.16,48.3 1 0
omsu_mirror/internal/storage/incident_repo.go:49.2,52.18 3 0
omsu_mirror/internal/storage/incident_repo.go:52.18,54.106 2 0
omsu_mirror/internal/storage/incident_repo.go:54.106,56.4 1 0
omsu_mirror/internal/storage/incident_repo.go:57.3,57.37 1 0
omsu_mirror/internal/storage/incident_repo.go:59.2,59.22 1 0
omsu_mirror/internal/storage/incident_repo.go:59.22,61.3 1 0
omsu_mirror/internal/storage/incident_repo.go:62.2,62.23 1 0
omsu_mirror/internal/storage/incident_repo.go:65.82,72.16 2 0
omsu_mirror/internal/storage/incident_repo.go:72.16,74.3 1 0
omsu_mirror/internal/storage/incident_repo.go:75.2,75.27 1 0
omsu_mirror/internal/storage/schedule_repo.go:14.48,24.2 3 0
omsu_mirror/internal/storage/schedule_repo.go:26.38,27.29 1 0
omsu_mirror/internal/storage/schedule_repo.go:27.29,31.3 3 0
omsu_mirror/internal/storage/schedule_repo.go:41.153,55.2 4 0
omsu_mirror/internal/storage/schedule_repo.go:57.97,67.26 4 0
omsu_mirror/internal/storage/schedule_repo.go:67.26,69.3 1 0
omsu_mirror/internal/storage/schedule_repo.go:70.2,70.16 1 0
omsu_mirror/internal/storage/schedule_repo.go:70.16,72.3 1 0
omsu_mirror/internal/storage/schedule_repo.go:75.2,75.9 1 0
omsu_mirror/internal/storage/schedule_repo.go:76.24,76.24 0 0
omsu_mirror/internal/storage/schedule_repo.go:77.10,77.10 0 0
omsu_mirror/internal/storage/schedule_repo.go:81.2,81.25 1 0
omsu_mirror/internal/storage/schedule_repo.go:84.107,86.16 2 0
omsu_mirror/internal/storage/schedule_repo.go:86.16,88.3 1 0
omsu_mirror/internal/storage/schedule_repo.go:89.2,92.18 3 0
omsu_mirror/internal/storage/schedule_repo.go:92.18,95.47 3 0
omsu_mirror/internal/storage/schedule_repo.go:95.47,97.4 1 0
omsu_mirror/internal/storage/schedule_repo.go:98.3,98.17 1 0
omsu_mirror/internal/storage/schedule_repo.go:100.2,100.17 1 0
omsu_mirror/internal/storage/schedule_repo.go:103.110,106.16 3 0
omsu_mirror/internal/storage/schedule_repo.go:106.16,108.3 1 0
omsu_mirror/internal/storage/schedule_repo.go:109.2,112.18 3 0
omsu_mirror/internal/storage/schedule_repo.go:112.18,114.39 2 0
omsu_mirror/internal/storage/schedule_repo.go:114.39,116.4 1 0
omsu_mirror/internal/storage/schedule_repo.go:117.3,117.25 1 0
omsu_mirror/internal/storage/schedule_repo.go:119.2,119.18 1 0
omsu_mirror/internal/storage/schedule_repo.go:122.73,124.16 2 0
omsu_mirror/internal/storage/schedule_repo.go:124.16,126.3 1 0
omsu_mirror/internal/storage/schedule_repo.go:127.2,127.27 1 0
omsu_mirror/internal/storage/schedule_repo.go:130.89,139.2 2 0
omsu_mirror/internal/storage/schedule_repo.go:141.85,144.26 3 0
omsu_mirror/internal/storage/schedule_repo.go:144.26,146.3 1 0
omsu_mirror/internal/storage/schedule_repo.go:147.2,147.17 1 0
omsu_mirror/internal/storage/sqlite.go:16.53,19.47 2 1
omsu_mirror/internal/storage/sqlite.go:19.47,21.3 1 0
omsu_mirror/internal/storage/sqlite.go:24.2,25.16 2 1
omsu_mirror/internal/storage/sqlite.go:25.16,27.3 1 0
omsu_mirror/internal/storage/sqlite.go:30.2,30.23 1 1
omsu_mirror/internal/storage/sqlite.go:30.23,31.64 1 0
omsu_mirror/internal/storage/sqlite.go:31.64,33.4 1 0
omsu_mirror/internal/storage/sqlite.go:37.2,37.98 1 1
omsu_mirror/internal/storage/sqlite.go:37.98,39.3 1 0
omsu_mirror/internal/storage/sqlite.go:41.2,42.36 2 1
omsu_mirror/internal/storage/sqlite.go:42.36,44.3 1 0
omsu_mirror/internal/storage/sqlite.go:46.2,46.15 1 1
omsu_mirror/internal/storage/sqlite.go:49.34,107.28 2 1
omsu_mirror/internal/storage/sqlite.go:107.28,108.41 1 1
omsu_mirror/internal/storage/sqlite.go:108.41,110.4 1 0
omsu_mirror/internal/storage/sqlite.go:112.2,112.12 1 1
omsu_mirror/internal/storage/sqlite.go:115.32,117.2 1 1
omsu_mirror/internal/api/handlers_dict.go:20.54,21.68 1 0
omsu_mirror/internal/api/handlers_dict.go:21.68,23.3 1 0
omsu_mirror/internal/api/handlers_dict.go:32.58,33.72 1 0
omsu_mirror/internal/api/handlers_dict.go:33.72,35.3 1 0
omsu_mirror/internal/api/handlers_dict.go:44.54,45.68 1 0
omsu_mirror/internal/api/handlers_dict.go:45.68,47.3 1 0
omsu_mirror/internal/api/handlers_dict.go:50.103,54.15 2 0
omsu_mirror/internal/api/handlers_dict.go:54.15,55.51 1 0
omsu_mirror/internal/api/handlers_dict.go:55.51,60.4 4 0
omsu_mirror/internal/api/handlers_dict.go:63.2,63.44 1 0
omsu_mirror/internal/api/handlers_dict.go:63.44,67.3 3 0
omsu_mirror/internal/api/handlers_dict.go:70.2,71.16 2 0
omsu_mirror/internal/api/handlers_dict.go:71.16,74.3 2 0
omsu_mirror/internal/api/handlers_dict.go:77.2,85.16 3 0
omsu_mirror/internal/api/handlers_dict.go:85.16,88.3 2 0
omsu_mirror/internal/api/handlers_dict.go:89.2,92.21 3 0
omsu_mirror/internal/api/handlers_dict.go:103.57,105.41 2 0
omsu_mirror/internal/api/handlers_dict.go:105.41,107.3 1 0
omsu_mirror/internal/api/handlers_dict.go:109.2,110.16 2 0
omsu_mirror/internal/api/handlers_dict.go:110.16,113.3 2 0
omsu_mirror/internal/api/handlers_dict.go:114.2,114.18 1 0
omsu_mirror/internal/api/handlers_dict.go:114.18,116.3 1 0
omsu_mirror/internal/api/handlers_dict.go:117.2,117.63 1 0
omsu_mirror/internal/api/handlers_dict.go:128.60,130.41 2 0
omsu_mirror/internal/api/handlers_dict.go:130.41,132.3 1 0
omsu_mirror/internal/api/handlers_dict.go:134.2,135.16 2 0
omsu_mirror/internal/api/handlers_dict.go:135.16,138.3 2 0
omsu_mirror/internal/api/handlers_dict.go:139.2,139.16 1 0
omsu_mirror/internal/api/handlers_dict.go:139.16,141.3 1 0
omsu_mirror/internal/api/handlers_dict.go:142.2,142.61 1 0
omsu_mirror/internal/api/handlers_dict.go:153.57,155.41 2 0
omsu_mirror/internal/api/handlers_dict.go:155.41,157.3 1 0
omsu_mirror/internal/api/handlers_dict.go:159.2,160.16 2 0
omsu_mirror/internal/api/handlers_dict.go:160.16,163.3 2 0
omsu_mirror/internal/api/handlers_dict.go:164.2,164.18 1 0
omsu_mirror/internal/api/handlers_dict.go:164.18,166.3 1 0
omsu_mirror/internal/api/handlers_dict.go:167.2,167.63 1 0
omsu_mirror/internal/api/handlers_meta.go:21.51,44.2 5 1
omsu_mirror/internal/api/handlers_meta.go:52.55,67.2 4 1
omsu_mirror/internal/api/handlers_meta.go:75.57,80.15 3 0
omsu_mirror/internal/api/handlers_meta.go:80.15,82.3 1 0
omsu_mirror/internal/api/handlers_meta.go:83.2,83.17 1 0
omsu_mirror/internal/api/handlers_meta.go:83.17,85.3 1 0
omsu_mirror/internal/api/handlers_meta.go:86.2,86.16 1 0
omsu_mirror/internal/api/handlers_meta.go:86.16,88.3 1 0
omsu_mirror/internal/api/handlers_meta.go:89.2,89.22 1 0
omsu_mirror/internal/api/handlers_meta.go:89.22,91.3 1 0
omsu_mirror/internal/api/handlers_meta.go:93.2,94.16 2 0
omsu_mirror/internal/api/handlers_meta.go:94.16,96.3 1 0
omsu_mirror/internal/api/handlers_meta.go:98.2,103.4 1 0
omsu_mirror/internal/api/handlers_meta.go:114.56,116.12 1 0
omsu_mirror/internal/api/handlers_meta.go:116.12,119.56 3 0
omsu_mirror/internal/api/handlers_meta.go:119.56,121.4 1 0
omsu_mirror/internal/api/handlers_meta.go:122.3,122.59 1 0
omsu_mirror/internal/api/handlers_meta.go:122.59,124.4 1 0
omsu_mirror/internal/api/handlers_meta.go:125.3,125.42 1 0
omsu_mirror/internal/api/handlers_meta.go:128.2,133.4 1 0
omsu_mirror/internal/api/handlers_schedule.go:41.69,42.34 1 1
omsu_mirror/internal/api/handlers_schedule.go:42.34,45.42 3 0
omsu_mirror/internal/api/handlers_schedule.go:45.42,47.4 1 0
omsu_mirror/internal/api/handlers_schedule.go:49.3,52.45 2 0
omsu_mirror/internal/api/handlers_schedule.go:52.45,56.4 3 0
omsu_mirror/internal/api/handlers_schedule.go:59.3,60.17 2 0
omsu_mirror/internal/api/handlers_schedule.go:60.17,62.4 1 0
omsu_mirror/internal/api/handlers_schedule.go:64.3,64.55 1 0
omsu_mirror/internal/api/handlers_schedule.go:64.55,69.4 4 0
omsu_mirror/internal/api/handlers_schedule.go:72.3,74.21 3 0
omsu_mirror/internal/api/handlers_schedule.go:75.16,76.64 1 0
omsu_mirror/internal/api/handlers_schedule.go:77.16,78.64 1 0
omsu_mirror/internal/api/handlers_schedule.go:79.19,80.67 1 0
omsu_mirror/internal/api/handlers_schedule.go:83.3,83.17 1 0
omsu_mirror/internal/api/handlers_schedule.go:83.17,85.19 1 0
omsu_mirror/internal/api/handlers_schedule.go:85.19,89.5 3 0
omsu_mirror/internal/api/handlers_schedule.go:90.4,90.119 1 0
omsu_mirror/internal/api/handlers_schedule.go:94.3,101.17 3 0
omsu_mirror/internal/api/handlers_schedule.go:101.17,104.4 2 0
omsu_mirror/internal/api/handlers_schedule.go:107.3,107.124 1 0
omsu_mirror/internal/api/handlers_schedule.go:107.124,109.4 1 0
omsu_mirror/internal/api/handlers_schedule.go:112.3,115.22 3 0
omsu_mirror/internal/api/handlers_search.go:20.51,22.20 2 0
omsu_mirror/internal/api/handlers_search.go:22.20,24.3 1 0
omsu_mirror/internal/api/handlers_search.go:25.2,25.22 1 0
omsu_mirror/internal/api/handlers_search.go:25.22,27.3 1 0
omsu_mirror/internal/api/handlers_search.go:29.2,31.31 3 0
omsu_mirror/internal/api/handlers_search.go:31.31,33.3 1 0
omsu_mirror/internal/api/handlers_search.go:35.2,38.25 2 0
omsu_mirror/internal/api/handlers_search.go:38.25,44.31 2 0
omsu_mirror/internal/api/handlers_search.go:44.31,45.20 1 0
omsu_mirror/internal/api/handlers_search.go:46.25,47.55 1 0
omsu_mirror/internal/api/handlers_search.go:48.25,49.55 1 0
omsu_mirror/internal/api/handlers_search.go:50.28,51.63 1 0
omsu_mirror/internal/api/handlers_search.go:54.3,54.66 1 0
omsu_mirror/internal/api/handlers_search.go:57.2,57.65 1 0
omsu_mirror/internal/api/middleware.go:13.39,14.34 1 1
omsu_mirror/internal/api/middleware.go:14.34,28.3 5 1
omsu_mirror/internal/api/middleware.go:31.50,32.34 1 1
omsu_mirror/internal/api/middleware.go:32.34,36.86 2 0
omsu_mirror/internal/api/middleware.go:36.86,40.4 1 0
omsu_mirror/internal/api/middleware.go:41.3,41.18 1 0
omsu_mirror/internal/api/middleware.go:46.79,50.43 1 1
omsu_mirror/internal/api/middleware.go:50.43,52.4 1 1
omsu_mirror/internal/api/middleware.go:53.42,58.4 1 1
omsu_mirror/internal/api/middleware.go:63.48,64.34 1 1
omsu_mirror/internal/api/middleware.go:64.34,75.3 7 1
omsu_mirror/internal/api/router.go:39.11,77.2 9 1
omsu_mirror/internal/api/router.go:79.32,81.34 1 1
omsu_mirror/internal/api/router.go:81.34,83.3 1 1
omsu_mirror/internal/api/router.go:85.2,110.65 16 1
omsu_mirror/internal/api/router.go:113.32,115.2 1 0
omsu_mirror/internal/api/router.go:117.35,119.2 1 0
omsu_mirror/internal/sync/dict_sync.go:16.62,37.43 13 0
omsu_mirror/internal/sync/dict_sync.go:37.43,39.62 2 0
omsu_mirror/internal/sync/dict_sync.go:39.62,41.4 1 0
omsu_mirror/internal/sync/dict_sync.go:42.3,43.20 2 0
omsu_mirror/internal/sync/dict_sync.go:44.8,44.29 1 0
omsu_mirror/internal/sync/dict_sync.go:44.29,46.3 1 0
omsu_mirror/internal/sync/dict_sync.go:48.2,48.39 1 0
omsu_mirror/internal/sync/dict_sync.go:48.39,50.64 2 0
omsu_mirror/internal/sync/dict_sync.go:50.64,52.4 1 0
omsu_mirror/internal/sync/dict_sync.go:53.3,55.20 3 0
omsu_mirror/internal/sync/dict_sync.go:56.8,56.27 1 0
omsu_mirror/internal/sync/dict_sync.go:56.27,58.3 1 0
omsu_mirror/internal/sync/dict_sync.go:60.2,60.43 1 0
omsu_mirror/internal/sync/dict_sync.go:60.43,62.62 2 0
omsu_mirror/internal/sync/dict_sync.go:62.62,64.4 1 0
omsu_mirror/internal/sync/dict_sync.go:65.3,66.20 2 0
omsu_mirror/internal/sync/dict_sync.go:67.8,67.29 1 0
omsu_mirror/internal/sync/dict_sync.go:67.29,69.3 1 0
omsu_mirror/internal/sync/dict_sync.go:71.2,71.57 1 0
omsu_mirror/internal/sync/dict_sync.go:71.57,74.3 2 0
omsu_mirror/internal/sync/dict_sync.go:76.2,76.107 1 0
omsu_mirror/internal/sync/dict_sync.go:76.107,78.3 1 0
omsu_mirror/internal/sync/dict_sync.go:80.2,81.12 2 0
omsu_mirror/internal/sync/dict_sync.go:84.70,91.16 2 0
omsu_mirror/internal/sync/dict_sync.go:91.16,93.3 1 0
omsu_mirror/internal/sync/dict_sync.go:95.2,100.46 4 0
omsu_mirror/internal/sync/dict_sync.go:100.46,101.36 1 0
omsu_mirror/internal/sync/dict_sync.go:101.36,103.4 1 0
omsu_mirror/internal/sync/dict_sync.go:106.2,106.12 1 0
omsu_mirror/internal/sync/schedule_sync.go:14.65,16.16 2 0
omsu_mirror/internal/sync/schedule_sync.go:16.16,18.3 1 0
omsu_mirror/internal/sync/schedule_sync.go:20.2,25.27 4 0
omsu_mirror/internal/sync/schedule_sync.go:25.27,26.10 1 0
omsu_mirror/internal/sync/schedule_sync.go:27.21,28.20 1 0
omsu_mirror/internal/sync/schedule_sync.go:29.11,29.11 0 0
omsu_mirror/internal/sync/schedule_sync.go:32.3,33.22 2 0
omsu_mirror/internal/sync/schedule_sync.go:33.22,34.12 1 0
omsu_mirror/internal/sync/schedule_sync.go:37.3,39.17 3 0
omsu_mirror/internal/sync/schedule_sync.go:39.17,41.12 2 0
omsu_mirror/internal/sync/schedule_sync.go:44.3,45.21 2 0
omsu_mirror/internal/sync/schedule_sync.go:46.16,47.62 1 0
omsu_mirror/internal/sync/schedule_sync.go:48.16,49.62 1 0
omsu_mirror/internal/sync/schedule_sync.go:50.19,51.65 1 0
omsu_mirror/internal/sync/schedule_sync.go:52.11,54.12 2 0
omsu_mirror/internal/sync/schedule_sync.go:57.3,57.17 1 0
omsu_mirror/internal/sync/schedule_sync.go:57.17,61.12 4 0
omsu_mirror/internal/sync/schedule_sync.go:64.3,64.84 1 0
omsu_mirror/internal/sync/schedule_sync.go:64.84,68.4 3 0
omsu_mirror/internal/sync/schedule_sync.go:71.2,71.15 1 0
omsu_mirror/internal/sync/schedule_sync.go:71.15,74.3 2 0
omsu_mirror/internal/sync/schedule_sync.go:76.2,76.111 1 0
omsu_mirror/internal/sync/schedule_sync.go:76.111,78.3 1 0
omsu_mirror/internal/sync/schedule_sync.go:80.2,81.12 2 0
omsu_mirror/internal/sync/schedule_sync.go:84.67,88.2 1 0
omsu_mirror/internal/sync/schedule_sync.go:90.128,97.16 2 0
omsu_mirror/internal/sync/schedule_sync.go:97.16,99.3 1 0
omsu_mirror/internal/sync/schedule_sync.go:101.2,101.121 1 0
omsu_mirror/internal/sync/schedule_sync.go:101.121,103.3 1 0
omsu_mirror/internal/sync/schedule_sync.go:105.2,106.12 2 0
omsu_mirror/internal/sync/syncer.go:45.11,58.2 1 0
omsu_mirror/internal/sync/syncer.go:60.53,71.2 3 0
omsu_mirror/internal/sync/syncer.go:73.72,77.25 3 0
omsu_mirror/internal/sync/syncer.go:77.25,80.3 2 0
omsu_mirror/internal/sync/syncer.go:82.2,85.25 4 0
omsu_mirror/internal/sync/syncer.go:88.83,99.16 9 0
omsu_mirror/internal/sync/syncer.go:99.16,102.3 2 0
omsu_mirror/internal/sync/syncer.go:102.8,102.49 1 0
omsu_mirror/internal/sync/syncer.go:102.49,104.3 1 0
omsu_mirror/internal/sync/syncer.go:107.43,108.25 1 0
omsu_mirror/internal/sync/syncer.go:108.25,110.49 2 0
omsu_mirror/internal/sync/syncer.go:110.49,112.4 1 0
omsu_mirror/internal/sync/syncer.go:113.3,113.52 1 0
omsu_mirror/internal/sync/syncer.go:113.52,115.4 1 0
omsu_mirror/internal/sync/syncer.go:118.2,119.85 2 0
omsu_mirror/internal/sync/syncer.go:119.85,120.28 1 0
omsu_mirror/internal/sync/syncer.go:120.28,121.87 1 0
omsu_mirror/internal/sync/syncer.go:121.87,123.5 1 0
omsu_mirror/internal/sync/syncer.go:125.3,125.79 1 0
omsu_mirror/internal/sync/syncer.go:126.8,128.3 1 0
omsu_mirror/internal/sync/syncer.go:130.2,138.6 7 0
omsu_mirror/internal/sync/syncer.go:138.6,139.10 1 0
omsu_mirror/internal/sync/syncer.go:140.21,142.10 2 0
omsu_mirror/internal/sync/syncer.go:143.23,145.50 2 0
omsu_mirror/internal/sync/syncer.go:145.50,147.5 1 0
omsu_mirror/internal/sync/syncer.go:148.24,150.53 2 0
omsu_mirror/internal/sync/syncer.go:150.53,152.5 1 0
omsu_mirror/internal/sync/syncer.go:153.24,155.62 2 0
omsu_mirror/internal/sync/syncer.go:155.62,157.5 1 0
omsu_mirror/internal/sync/syncer.go:157.10,157.20 1 0
omsu_mirror/internal/sync/syncer.go:157.20,159.5 1 0
omsu_mirror/internal/sync/syncer.go:161.4,161.63 1 0
omsu_mirror/internal/sync/syncer.go:161.63,163.5 1 0
omsu_mirror/internal/sync/syncer.go:163.10,163.20 1 0
omsu_mirror/internal/sync/syncer.go:163.20,165.5 1 0
